<?xml version="1.0" encoding="UTF-8"?>
<!-- Generated by org.testng.reporters.JUnitReportReporter -->
<testsuite hostname="DESKTOP-K2QB92J" failures="0" tests="1" name="test.LongPressTest" time="7.696" errors="0" timestamp="2024-01-04T16:22:50 IST" skipped="0">
  <testcase classname="test.LongPressTest" name="executeTest" time="7.696"/>
</testsuite> <!-- test.LongPressTest -->
