<?xml version="1.0" encoding="UTF-8"?>
<!-- Generated by org.testng.reporters.JUnitReportReporter -->
<testsuite hostname="DESKTOP-K2QB92J" failures="0" tests="1" name="test.AppiumTest" time="7.316" errors="0" timestamp="2024-01-04T15:52:15 IST" skipped="0">
  <testcase classname="test.AppiumTest" name="AppiumBasics" time="7.316"/>
</testsuite> <!-- test.AppiumTest -->
