<?xml version="1.0" encoding="UTF-8"?>
<!-- Generated by org.testng.reporters.JUnitReportReporter -->
<testsuite hostname="DESKTOP-K2QB92J" failures="0" tests="1" name="test.ScrollTest" time="27.012" errors="0" timestamp="2024-01-04T16:58:33 IST" skipped="0">
  <testcase classname="test.ScrollTest" name="executeTest" time="27.012"/>
</testsuite> <!-- test.ScrollTest -->
