<?xml version="1.0" encoding="UTF-8"?>
<!-- Generated by org.testng.reporters.JUnitReportReporter -->
<testsuite hostname="DESKTOP-K2QB92J" failures="0" tests="1" name="test.DragAndDropTest" time="5.676" errors="0" timestamp="2024-01-04T20:36:14 IST" skipped="0">
  <testcase classname="test.DragAndDropTest" name="executeTest" time="5.676"/>
</testsuite> <!-- test.DragAndDropTest -->
