<?xml version="1.0" encoding="UTF-8"?>
<!-- Generated by org.testng.reporters.JUnitReportReporter -->
<testsuite hostname="DESKTOP-K2QB92J" failures="0" tests="1" name="test.SwipeTest" time="7.563" errors="0" timestamp="2024-01-04T17:22:09 IST" skipped="0">
  <testcase classname="test.SwipeTest" name="executeTest" time="7.563"/>
</testsuite> <!-- test.SwipeTest -->
