<?xml version="1.0" encoding="UTF-8"?>
<!-- Generated by org.testng.reporters.JUnitReportReporter -->
<testsuite hostname="DESKTOP-K2QB92J" failures="0" tests="1" name="test.ECommerceTest2" time="18.595" errors="0" timestamp="2024-01-10T16:55:22 GMT" skipped="0">
  <testcase classname="test.ECommerceTest2" name="fillForm" time="18.595"/>
</testsuite> <!-- test.ECommerceTest2 -->
