<?xml version="1.0" encoding="UTF-8"?>
<!-- Generated by org.testng.reporters.JUnitReportReporter -->
<testsuite hostname="DESKTOP-K2QB92J" failures="0" tests="1" name="test.ECommerceTest2" time="10.224" errors="0" timestamp="2024-01-09T17:07:13 GMT" skipped="0">
  <testcase classname="test.ECommerceTest2" name="fillForm" time="10.224"/>
</testsuite> <!-- test.ECommerceTest2 -->
