<?xml version="1.0" encoding="UTF-8"?>
<!-- Generated by org.testng.reporters.JUnitReportReporter -->
<testsuite hostname="DESKTOP-K2QB92J" failures="0" tests="1" name="test.MiscAppiumActions" time="13.046" errors="0" timestamp="2024-01-04T20:48:53 IST" skipped="0">
  <testcase classname="test.MiscAppiumActions" name="AppiumBasics" time="13.046"/>
</testsuite> <!-- test.MiscAppiumActions -->
